<?xml version="1.0" encoding="UTF-8"?>
<!-- Generated by org.testng.reporters.JUnitReportReporter -->
<testsuite hostname="DESKTOP-PTEQ8SL" failures="0" tests="1" name="Practice.CreateContactTest" time="69.059" errors="0" timestamp="2023-12-09T13:21:13 IST" skipped="0">
  <testcase classname="Practice.CreateContactTest" name="mTest" time="69.059"/>
</testsuite> <!-- Practice.CreateContactTest -->
